<?xml version="1.0" encoding="UTF-8"?>
<!-- Generated by org.testng.reporters.JUnitReportReporter -->
<testsuite skipped="0" hostname="LAPTOP-FUF7KNFT" name="testNG.ExtentReport" tests="3" failures="0" timestamp="2021-08-21T12:34:30 EDT" time="5.579" errors="0">
  <testcase name="openBing" time="0.358" classname="testNG.ExtentReport"/>
  <system-out/>
  <testcase name="openWikipiedia" time="4.002" classname="testNG.ExtentReport"/>
  <system-out/>
  <testcase name="openGoogle" time="1.219" classname="testNG.ExtentReport"/>
  <system-out/>
</testsuite> <!-- testNG.ExtentReport -->
