<?xml version="1.0" encoding="UTF-8"?>
<!-- Generated by org.testng.reporters.JUnitReportReporter -->
<testsuite skipped="0" hostname="LAPTOP-FUF7KNFT" name="testNG.Parallelrun" tests="2" failures="0" timestamp="2021-07-25T18:11:59 EDT" time="13.536" errors="0">
  <testcase name="openBing" time="6.259" classname="testNG.Parallelrun"/>
  <system-out/>
  <testcase name="openGoogle" time="7.277" classname="testNG.Parallelrun"/>
  <system-out/>
</testsuite> <!-- testNG.Parallelrun -->
