<?xml version="1.0" encoding="UTF-8"?>
<!-- Generated by org.testng.reporters.JUnitReportReporter -->
<testsuite skipped="0" hostname="LAPTOP-FUF7KNFT" name="testNG.Parallelrun" tests="2" failures="0" timestamp="2021-08-21T11:12:56 EDT" time="6.600" errors="0">
  <testcase name="openBing" time="4.411" classname="testNG.Parallelrun"/>
  <system-out/>
  <testcase name="openGoogle" time="2.189" classname="testNG.Parallelrun"/>
  <system-out/>
</testsuite> <!-- testNG.Parallelrun -->
